<?xml version="1.0" encoding="UTF-8"?>
<!-- Generated by org.testng.reporters.JUnitReportReporter -->
<testsuite skipped="0" hostname="LAPTOP-KR7PM4UA" name="com.snapdeal.runnerclass.TestRunner" tests="1" failures="0" timestamp="03 May 2020 14:30:20 GMT" time="52.923" errors="0">
  <testcase name="feature" time="52.923" classname="com.snapdeal.runnerclass.TestRunner"/>
</testsuite> <!-- com.snapdeal.runnerclass.TestRunner -->
