<?xml version="1.0" encoding="UTF-8"?>
<!-- Generated by org.testng.reporters.JUnitReportReporter -->
<testsuite skipped="0" hostname="LAPTOP-KR7PM4UA" name="com.snapdeal.runnerclass.PrivacyPolicyTestRunner" tests="1" failures="0" timestamp="03 May 2020 12:17:07 GMT" time="92.132" errors="0">
  <testcase name="feature" time="92.132" classname="com.snapdeal.runnerclass.PrivacyPolicyTestRunner"/>
</testsuite> <!-- com.snapdeal.runnerclass.PrivacyPolicyTestRunner -->
