<?xml version="1.0" encoding="UTF-8"?>
<!-- Generated by org.testng.reporters.JUnitReportReporter -->
<testsuite skipped="0" hostname="LAPTOP-KR7PM4UA" name="com.snapdeal.runnerclass.LoginPageTestRunner" tests="1" failures="0" timestamp="03 May 2020 03:09:02 GMT" time="45.897" errors="0">
  <testcase name="feature" time="45.897" classname="com.snapdeal.runnerclass.LoginPageTestRunner"/>
</testsuite> <!-- com.snapdeal.runnerclass.LoginPageTestRunner -->
